Build started 4/14/2012 1:09:42 AM.
     1>Project "D:\code\Orchid\Orchid\Orchid.vcxproj" on node 2 (build target(s)).
     1>InitializeBuildStatus:
         Creating "Debug\Orchid.unsuccessfulbuild" because "AlwaysCreate" was specified.
       ClCompile:
         C:\Program Files (x86)\Microsoft Visual Studio 10.0\VC\bin\CL.exe /c /ZI /nologo /W3 /WX- /Od /Oy- /D _MBCS /Gm /EHsc /RTC1 /MDd /GS /fp:precise /Zc:wchar_t /Zc:forScope /Fo"Debug\\" /Fd"Debug\vc100.pdb" /Gd /TP /analyze- /errorReport:prompt Source\EventCore.cpp
         EventCore.cpp
     1>d:\code\orchid\orchid\source\eventcore.cpp(172): warning C4018: '<' : signed/unsigned mismatch
         All outputs are up-to-date.
       Link:
         C:\Program Files (x86)\Microsoft Visual Studio 10.0\VC\bin\link.exe /ERRORREPORT:PROMPT /OUT:"D:\code\Orchid\Debug\Orchid.exe" /NOLOGO "allegro-5.0.6-monolith-md-debug.lib" kernel32.lib user32.lib gdi32.lib winspool.lib comdlg32.lib advapi32.lib shell32.lib ole32.lib oleaut32.lib uuid.lib odbc32.lib odbccp32.lib /MANIFEST /ManifestFile:"Debug\Orchid.exe.intermediate.manifest" /MANIFESTUAC:"level='asInvoker' uiAccess='false'" /DEBUG /PDB:"D:\code\Orchid\Debug\Orchid.pdb" /TLBID:1 /DYNAMICBASE /NXCOMPAT /IMPLIB:"D:\code\Orchid\Debug\Orchid.lib" /MACHINE:X86 Debug\Animation.obj
         Debug\AudioCore.obj
         Debug\CharacterController.obj
         Debug\dirent.obj
         Debug\FileReader.obj
         Debug\MappyLevel.obj
         Debug\GameObject.obj
         Debug\mappy_A5.obj
         Debug\Shape2DCircle.obj
         Debug\CubeGrid.obj
         Debug\GlobalData.obj
         Debug\GraphicsCore.obj
         Debug\EventCore.obj
         Debug\InputEvent.obj
         Debug\main.obj
         Debug\Shape2DRect.obj
         Debug\Shape2D.obj
         Debug\SquareGrid.obj
         Debug\TiledLevel.obj
         Debug\UtilityRectangle.obj
         Debug\UtilityCircle.obj
         Debug\Vector2D.obj
         Debug\Vector2DF.obj
         Debug\Witch.obj
         LINK : D:\code\Orchid\Debug\Orchid.exe not found or not built by the last incremental link; performing full link
         Orchid.vcxproj -> D:\code\Orchid\Debug\Orchid.exe
       Manifest:
         C:\Program Files (x86)\Microsoft SDKs\Windows\v7.0A\bin\mt.exe /nologo /verbose /outputresource:"D:\code\Orchid\Debug\Orchid.exe;#1" /manifest Debug\Orchid.exe.intermediate.manifest
       FinalizeBuildStatus:
         Deleting file "Debug\Orchid.unsuccessfulbuild".
         Touching "Debug\Orchid.lastbuildstate".
     1>Done Building Project "D:\code\Orchid\Orchid\Orchid.vcxproj" (build target(s)).

Build succeeded.

Time Elapsed 00:00:03.65
