D:\CODE\ORCHID\DEBUG\ORCHID.EXE
D:\CODE\ORCHID\DEBUG\ORCHID.ILK
D:\CODE\ORCHID\DEBUG\ORCHID.PDB
D:\CODE\ORCHID\ORCHID\DEBUG\ANIMATION.OBJ
D:\CODE\ORCHID\ORCHID\DEBUG\AUDIOCORE.OBJ
D:\CODE\ORCHID\ORCHID\DEBUG\CHARACTERCONTROLLER.OBJ
D:\code\Orchid\Orchid\Debug\cl.command.1.tlog
D:\code\Orchid\Orchid\Debug\CL.read.1.tlog
D:\code\Orchid\Orchid\Debug\CL.write.1.tlog
D:\CODE\ORCHID\ORCHID\DEBUG\CUBEGRID.OBJ
D:\CODE\ORCHID\ORCHID\DEBUG\DIRENT.OBJ
D:\CODE\ORCHID\ORCHID\DEBUG\EVENTCORE.OBJ
D:\CODE\ORCHID\ORCHID\DEBUG\FILEREADER.OBJ
D:\CODE\ORCHID\ORCHID\DEBUG\GAMEOBJECT.OBJ
D:\CODE\ORCHID\ORCHID\DEBUG\GLOBALDATA.OBJ
D:\CODE\ORCHID\ORCHID\DEBUG\GRAPHICSCORE.OBJ
D:\CODE\ORCHID\ORCHID\DEBUG\INPUTEVENT.OBJ
D:\code\Orchid\Orchid\Debug\link.command.1.tlog
D:\code\Orchid\Orchid\Debug\link.read.1.tlog
D:\code\Orchid\Orchid\Debug\link.write.1.tlog
D:\CODE\ORCHID\ORCHID\DEBUG\MAIN.OBJ
D:\CODE\ORCHID\ORCHID\DEBUG\MAPPY_A5.OBJ
D:\CODE\ORCHID\ORCHID\DEBUG\MAPPYLEVEL.OBJ
D:\code\Orchid\Orchid\Debug\mt.command.1.tlog
D:\code\Orchid\Orchid\Debug\mt.read.1.tlog
D:\code\Orchid\Orchid\Debug\mt.write.1.tlog
D:\CODE\ORCHID\ORCHID\DEBUG\ORCHID.EXE.INTERMEDIATE.MANIFEST
D:\CODE\ORCHID\ORCHID\DEBUG\SHAPE2D.OBJ
D:\CODE\ORCHID\ORCHID\DEBUG\SHAPE2DCIRCLE.OBJ
D:\CODE\ORCHID\ORCHID\DEBUG\SHAPE2DRECT.OBJ
D:\CODE\ORCHID\ORCHID\DEBUG\SQUAREGRID.OBJ
D:\CODE\ORCHID\ORCHID\DEBUG\TILEDLEVEL.OBJ
D:\CODE\ORCHID\ORCHID\DEBUG\UTILITYCIRCLE.OBJ
D:\CODE\ORCHID\ORCHID\DEBUG\UTILITYRECTANGLE.OBJ
D:\code\Orchid\Orchid\Debug\vc100.idb
D:\CODE\ORCHID\ORCHID\DEBUG\VC100.PDB
D:\CODE\ORCHID\ORCHID\DEBUG\VECTOR2D.OBJ
D:\CODE\ORCHID\ORCHID\DEBUG\VECTOR2DF.OBJ
D:\CODE\ORCHID\ORCHID\DEBUG\WITCH.OBJ
